# JRE version: OpenJDK Runtime Environment (8.0_76-b03) (build 1.8.0_76-release-b03)
# Java VM: OpenJDK 64-Bit Server VM (25.76-b03 mixed mode windows-amd64 compressed oops)
Heap:
 PSYoungGen      total 202752K, used 72044K [0x00000000eab00000, 0x00000000fc680000, 0x0000000100000000)
  eden space 190464K, 31% used [0x00000000eab00000,0x00000000ee55f1f0,0x00000000f6500000)
  from space 12288K, 99% used [0x00000000f6500000,0x00000000f70fc010,0x00000000f7100000)
  to   space 17408K, 0% used [0x00000000fb580000,0x00000000fb580000,0x00000000fc680000)
 ParOldGen       total 51200K, used 25678K [0x00000000c0000000, 0x00000000c3200000, 0x00000000eab00000)
  object space 51200K, 50% used [0x00000000c0000000,0x00000000c1913950,0x00000000c3200000)
 Metaspace       used 49918K, capacity 51420K, committed 51760K, reserved 1093632K
  class space    used 6773K, capacity 7106K, committed 7216K, reserved 1048576K
GC Heap History (10 events):
Event: 24.015 GC heap before
{Heap before GC invocations=7 (full 1):
 PSYoungGen      total 66048K, used 63488K [0x00000000eab00000, 0x00000000f3a00000, 0x0000000100000000)
  eden space 63488K, 100% used [0x00000000eab00000,0x00000000ee900000,0x00000000ee900000)
  from space 2560K, 0% used [0x00000000ee900000,0x00000000ee900000,0x00000000eeb80000)
  to   space 9728K, 0% used [0x00000000f3080000,0x00000000f3080000,0x00000000f3a00000)
 ParOldGen       total 38400K, used 12325K [0x00000000c0000000, 0x00000000c2580000, 0x00000000eab00000)
  object space 38400K, 32% used [0x00000000c0000000,0x00000000c0c09588,0x00000000c2580000)
 Metaspace       used 25800K, capacity 26310K, committed 26544K, reserved 1073152K
  class space    used 3543K, capacity 3711K, committed 3760K, reserved 1048576K
Event: 24.067 GC heap after
Heap after GC invocations=7 (full 1):
 PSYoungGen      total 119296K, used 7567K [0x00000000eab00000, 0x00000000f3800000, 0x0000000100000000)
  eden space 111616K, 0% used [0x00000000eab00000,0x00000000eab00000,0x00000000f1800000)
  from space 7680K, 98% used [0x00000000f3080000,0x00000000f37e3d50,0x00000000f3800000)
  to   space 10240K, 0% used [0x00000000f2400000,0x00000000f2400000,0x00000000f2e00000)
 ParOldGen       total 38400K, used 12333K [0x00000000c0000000, 0x00000000c2580000, 0x00000000eab00000)
  object space 38400K, 32% used [0x00000000c0000000,0x00000000c0c0b588,0x00000000c2580000)
 Metaspace       used 25800K, capacity 26310K, committed 26544K, reserved 1073152K
  class space    used 3543K, capacity 3711K, committed 3760K, reserved 1048576K
}
Event: 39.544 GC heap before
{Heap before GC invocations=8 (full 1):
 PSYoungGen      total 119296K, used 119183K [0x00000000eab00000, 0x00000000f3800000, 0x0000000100000000)
  eden space 111616K, 100% used [0x00000000eab00000,0x00000000f1800000,0x00000000f1800000)
  from space 7680K, 98% used [0x00000000f3080000,0x00000000f37e3d50,0x00000000f3800000)
  to   space 10240K, 0% used [0x00000000f2400000,0x00000000f2400000,0x00000000f2e00000)
 ParOldGen       total 38400K, used 12333K [0x00000000c0000000, 0x00000000c2580000, 0x00000000eab00000)
  object space 38400K, 32% used [0x00000000c0000000,0x00000000c0c0b588,0x00000000c2580000)
 Metaspace       used 30259K, capacity 30960K, committed 31280K, reserved 1077248K
  class space    used 4106K, capacity 4281K, committed 4400K, reserved 1048576K
Event: 39.663 GC heap after
Heap after GC invocations=8 (full 1):
 PSYoungGen      total 134144K, used 8495K [0x00000000eab00000, 0x00000000f7c00000, 0x0000000100000000)
  eden space 123904K, 0% used [0x00000000eab00000,0x00000000eab00000,0x00000000f2400000)
  from space 10240K, 82% used [0x00000000f2400000,0x00000000f2c4bc20,0x00000000f2e00000)
  to   space 11264K, 0% used [0x00000000f7100000,0x00000000f7100000,0x00000000f7c00000)
 ParOldGen       total 38400K, used 12341K [0x00000000c0000000, 0x00000000c2580000, 0x00000000eab00000)
  object space 38400K, 32% used [0x00000000c0000000,0x00000000c0c0d588,0x00000000c2580000)
 Metaspace       used 30259K, capacity 30960K, committed 31280K, reserved 1077248K
  class space    used 4106K, capacity 4281K, committed 4400K, reserved 1048576K
}
Event: 47.743 GC heap before
{Heap before GC invocations=9 (full 1):
 PSYoungGen      total 134144K, used 73093K [0x00000000eab00000, 0x00000000f7c00000, 0x0000000100000000)
  eden space 123904K, 52% used [0x00000000eab00000,0x00000000eea159a0,0x00000000f2400000)
  from space 10240K, 82% used [0x00000000f2400000,0x00000000f2c4bc20,0x00000000f2e00000)
  to   space 11264K, 0% used [0x00000000f7100000,0x00000000f7100000,0x00000000f7c00000)
 ParOldGen       total 38400K, used 12341K [0x00000000c0000000, 0x00000000c2580000, 0x00000000eab00000)
  object space 38400K, 32% used [0x00000000c0000000,0x00000000c0c0d588,0x00000000c2580000)
 Metaspace       used 34607K, capacity 35316K, committed 35496K, reserved 1079296K
  class space    used 4652K, capacity 4855K, committed 4912K, reserved 1048576K
Event: 47.839 GC heap after
Heap after GC invocations=9 (full 1):
 PSYoungGen      total 201728K, used 10051K [0x00000000eab00000, 0x00000000f8f00000, 0x0000000100000000)
  eden space 190464K, 0% used [0x00000000eab00000,0x00000000eab00000,0x00000000f6500000)
  from space 11264K, 89% used [0x00000000f7100000,0x00000000f7ad0ef8,0x00000000f7c00000)
  to   space 12288K, 0% used [0x00000000f6500000,0x00000000f6500000,0x00000000f7100000)
 ParOldGen       total 38400K, used 12341K [0x00000000c0000000, 0x00000000c2580000, 0x00000000eab00000)
  object space 38400K, 32% used [0x00000000c0000000,0x00000000c0c0d588,0x00000000c2580000)
 Metaspace       used 34607K, capacity 35316K, committed 35496K, reserved 1079296K
  class space    used 4652K, capacity 4855K, committed 4912K, reserved 1048576K
}
Event: 47.839 GC heap before
{Heap before GC invocations=10 (full 2):
 PSYoungGen      total 201728K, used 10051K [0x00000000eab00000, 0x00000000f8f00000, 0x0000000100000000)
  eden space 190464K, 0% used [0x00000000eab00000,0x00000000eab00000,0x00000000f6500000)
  from space 11264K, 89% used [0x00000000f7100000,0x00000000f7ad0ef8,0x00000000f7c00000)
  to   space 12288K, 0% used [0x00000000f6500000,0x00000000f6500000,0x00000000f7100000)
 ParOldGen       total 38400K, used 12341K [0x00000000c0000000, 0x00000000c2580000, 0x00000000eab00000)
  object space 38400K, 32% used [0x00000000c0000000,0x00000000c0c0d588,0x00000000c2580000)
 Metaspace       used 34607K, capacity 35316K, committed 35496K, reserved 1079296K
  class space    used 4652K, capacity 4855K, committed 4912K, reserved 1048576K
Event: 48.377 GC heap after
Heap after GC invocations=10 (full 2):
 PSYoungGen      total 201728K, used 0K [0x00000000eab00000, 0x00000000f8f00000, 0x0000000100000000)
  eden space 190464K, 0% used [0x00000000eab00000,0x00000000eab00000,0x00000000f6500000)
  from space 11264K, 0% used [0x00000000f7100000,0x00000000f7100000,0x00000000f7c00000)
  to   space 12288K, 0% used [0x00000000f6500000,0x00000000f6500000,0x00000000f7100000)
 ParOldGen       total 51200K, used 17534K [0x00000000c0000000, 0x00000000c3200000, 0x00000000eab00000)
  object space 51200K, 34% used [0x00000000c0000000,0x00000000c111fbe0,0x00000000c3200000)
 Metaspace       used 34607K, capacity 35316K, committed 35496K, reserved 1079296K
  class space    used 4652K, capacity 4855K, committed 4912K, reserved 1048576K
}
Event: 67.414 GC heap before
{Heap before GC invocations=11 (full 2):
 PSYoungGen      total 201728K, used 190464K [0x00000000eab00000, 0x00000000f8f00000, 0x0000000100000000)
  eden space 190464K, 100% used [0x00000000eab00000,0x00000000f6500000,0x00000000f6500000)
  from space 11264K, 0% used [0x00000000f7100000,0x00000000f7100000,0x00000000f7c00000)
  to   space 12288K, 0% used [0x00000000f6500000,0x00000000f6500000,0x00000000f7100000)
 ParOldGen       total 51200K, used 17534K [0x00000000c0000000, 0x00000000c3200000, 0x00000000eab00000)
  object space 51200K, 34% used [0x00000000c0000000,0x00000000c111fbe0,0x00000000c3200000)
 Metaspace       used 48443K, capacity 49766K, committed 50096K, reserved 1093632K
  class space    used 6517K, capacity 6773K, committed 6832K, reserved 1048576K
Event: 67.487 GC heap after
Heap after GC invocations=11 (full 2):
 PSYoungGen      total 202752K, used 12272K [0x00000000eab00000, 0x00000000fc680000, 0x0000000100000000)
  eden space 190464K, 0% used [0x00000000eab00000,0x00000000eab00000,0x00000000f6500000)
  from space 12288K, 99% used [0x00000000f6500000,0x00000000f70fc010,0x00000000f7100000)
  to   space 17408K, 0% used [0x00000000fb580000,0x00000000fb580000,0x00000000fc680000)
 ParOldGen       total 51200K, used 25678K [0x00000000c0000000, 0x00000000c3200000, 0x00000000eab00000)
  object space 51200K, 50% used [0x00000000c0000000,0x00000000c1913950,0x00000000c3200000)
 Metaspace       used 48443K, capacity 49766K, committed 50096K, reserved 1093632K
  class space    used 6517K, capacity 6773K, committed 6832K, reserved 1048576K
}

