# JRE version: OpenJDK Runtime Environment (8.0_76-b03) (build 1.8.0_76-release-b03)
# Java VM: OpenJDK 64-Bit Server VM (25.76-b03 mixed mode windows-amd64 compressed oops)
Heap:
 PSYoungGen      total 123392K, used 121215K [0x00000000eab00000, 0x00000000f2d80000, 0x0000000100000000)
  eden space 114176K, 100% used [0x00000000eab00000,0x00000000f1a80000,0x00000000f1a80000)
  from space 9216K, 76% used [0x00000000f2400000,0x00000000f2adfca0,0x00000000f2d00000)
  to   space 9728K, 99% used [0x00000000f1a80000,0x00000000f23fab80,0x00000000f2400000)
 ParOldGen       total 46592K, used 28106K [0x00000000c0000000, 0x00000000c2d80000, 0x00000000eab00000)
  object space 46592K, 60% used [0x00000000c0000000,0x00000000c1b72888,0x00000000c2d80000)
 Metaspace       used 49789K, capacity 51146K, committed 51328K, reserved 1093632K
  class space    used 6633K, capacity 6920K, committed 7040K, reserved 1048576K
GC Heap History (10 events):
Event: 21.594 GC heap after
Heap after GC invocations=14 (full 1):
 PSYoungGen      total 70144K, used 6339K [0x00000000eab00000, 0x00000000f0d80000, 0x0000000100000000)
  eden space 62976K, 0% used [0x00000000eab00000,0x00000000eab00000,0x00000000ee880000)
  from space 7168K, 88% used [0x00000000ee880000,0x00000000eeeb0e60,0x00000000eef80000)
  to   space 7680K, 0% used [0x00000000f0600000,0x00000000f0600000,0x00000000f0d80000)
 ParOldGen       total 33280K, used 13398K [0x00000000c0000000, 0x00000000c2080000, 0x00000000eab00000)
  object space 33280K, 40% used [0x00000000c0000000,0x00000000c0d15928,0x00000000c2080000)
 Metaspace       used 33363K, capacity 34056K, committed 34432K, reserved 1079296K
  class space    used 4459K, capacity 4651K, committed 4736K, reserved 1048576K
}
Event: 22.107 GC heap before
{Heap before GC invocations=15 (full 1):
 PSYoungGen      total 70144K, used 26203K [0x00000000eab00000, 0x00000000f0d80000, 0x0000000100000000)
  eden space 62976K, 31% used [0x00000000eab00000,0x00000000ebe65ea8,0x00000000ee880000)
  from space 7168K, 88% used [0x00000000ee880000,0x00000000eeeb0e60,0x00000000eef80000)
  to   space 7680K, 0% used [0x00000000f0600000,0x00000000f0600000,0x00000000f0d80000)
 ParOldGen       total 33280K, used 13398K [0x00000000c0000000, 0x00000000c2080000, 0x00000000eab00000)
  object space 33280K, 40% used [0x00000000c0000000,0x00000000c0d15928,0x00000000c2080000)
 Metaspace       used 34619K, capacity 35244K, committed 35496K, reserved 1079296K
  class space    used 4623K, capacity 4785K, committed 4864K, reserved 1048576K
Event: 22.137 GC heap after
Heap after GC invocations=15 (full 1):
 PSYoungGen      total 93184K, used 1823K [0x00000000eab00000, 0x00000000f1200000, 0x0000000100000000)
  eden space 85504K, 0% used [0x00000000eab00000,0x00000000eab00000,0x00000000efe80000)
  from space 7680K, 23% used [0x00000000f0600000,0x00000000f07c7c48,0x00000000f0d80000)
  to   space 7680K, 0% used [0x00000000efe80000,0x00000000efe80000,0x00000000f0600000)
 ParOldGen       total 33280K, used 15916K [0x00000000c0000000, 0x00000000c2080000, 0x00000000eab00000)
  object space 33280K, 47% used [0x00000000c0000000,0x00000000c0f8b148,0x00000000c2080000)
 Metaspace       used 34619K, capacity 35244K, committed 35496K, reserved 1079296K
  class space    used 4623K, capacity 4785K, committed 4864K, reserved 1048576K
}
Event: 22.137 GC heap before
{Heap before GC invocations=16 (full 2):
 PSYoungGen      total 93184K, used 1823K [0x00000000eab00000, 0x00000000f1200000, 0x0000000100000000)
  eden space 85504K, 0% used [0x00000000eab00000,0x00000000eab00000,0x00000000efe80000)
  from space 7680K, 23% used [0x00000000f0600000,0x00000000f07c7c48,0x00000000f0d80000)
  to   space 7680K, 0% used [0x00000000efe80000,0x00000000efe80000,0x00000000f0600000)
 ParOldGen       total 33280K, used 15916K [0x00000000c0000000, 0x00000000c2080000, 0x00000000eab00000)
  object space 33280K, 47% used [0x00000000c0000000,0x00000000c0f8b148,0x00000000c2080000)
 Metaspace       used 34619K, capacity 35244K, committed 35496K, reserved 1079296K
  class space    used 4623K, capacity 4785K, committed 4864K, reserved 1048576K
Event: 22.342 GC heap after
Heap after GC invocations=16 (full 2):
 PSYoungGen      total 93184K, used 0K [0x00000000eab00000, 0x00000000f1200000, 0x0000000100000000)
  eden space 85504K, 0% used [0x00000000eab00000,0x00000000eab00000,0x00000000efe80000)
  from space 7680K, 0% used [0x00000000f0600000,0x00000000f0600000,0x00000000f0d80000)
  to   space 7680K, 0% used [0x00000000efe80000,0x00000000efe80000,0x00000000f0600000)
 ParOldGen       total 46592K, used 14517K [0x00000000c0000000, 0x00000000c2d80000, 0x00000000eab00000)
  object space 46592K, 31% used [0x00000000c0000000,0x00000000c0e2d5e8,0x00000000c2d80000)
 Metaspace       used 34619K, capacity 35244K, committed 35496K, reserved 1079296K
  class space    used 4623K, capacity 4785K, committed 4864K, reserved 1048576K
}
Event: 25.706 GC heap before
{Heap before GC invocations=17 (full 2):
 PSYoungGen      total 93184K, used 85504K [0x00000000eab00000, 0x00000000f1200000, 0x0000000100000000)
  eden space 85504K, 100% used [0x00000000eab00000,0x00000000efe80000,0x00000000efe80000)
  from space 7680K, 0% used [0x00000000f0600000,0x00000000f0600000,0x00000000f0d80000)
  to   space 7680K, 0% used [0x00000000efe80000,0x00000000efe80000,0x00000000f0600000)
 ParOldGen       total 46592K, used 14517K [0x00000000c0000000, 0x00000000c2d80000, 0x00000000eab00000)
  object space 46592K, 31% used [0x00000000c0000000,0x00000000c0e2d5e8,0x00000000c2d80000)
 Metaspace       used 42077K, capacity 42934K, committed 43264K, reserved 1087488K
  class space    used 5596K, capacity 5788K, committed 5888K, reserved 1048576K
Event: 25.729 GC heap after
Heap after GC invocations=17 (full 2):
 PSYoungGen      total 93184K, used 7676K [0x00000000eab00000, 0x00000000f2d00000, 0x0000000100000000)
  eden space 85504K, 0% used [0x00000000eab00000,0x00000000eab00000,0x00000000efe80000)
  from space 7680K, 99% used [0x00000000efe80000,0x00000000f05ff3f8,0x00000000f0600000)
  to   space 9216K, 0% used [0x00000000f2400000,0x00000000f2400000,0x00000000f2d00000)
 ParOldGen       total 46592K, used 16208K [0x00000000c0000000, 0x00000000c2d80000, 0x00000000eab00000)
  object space 46592K, 34% used [0x00000000c0000000,0x00000000c0fd4218,0x00000000c2d80000)
 Metaspace       used 42077K, capacity 42934K, committed 43264K, reserved 1087488K
  class space    used 5596K, capacity 5788K, committed 5888K, reserved 1048576K
}
Event: 28.217 GC heap before
{Heap before GC invocations=18 (full 2):
 PSYoungGen      total 93184K, used 93180K [0x00000000eab00000, 0x00000000f2d00000, 0x0000000100000000)
  eden space 85504K, 100% used [0x00000000eab00000,0x00000000efe80000,0x00000000efe80000)
  from space 7680K, 99% used [0x00000000efe80000,0x00000000f05ff3f8,0x00000000f0600000)
  to   space 9216K, 0% used [0x00000000f2400000,0x00000000f2400000,0x00000000f2d00000)
 ParOldGen       total 46592K, used 16208K [0x00000000c0000000, 0x00000000c2d80000, 0x00000000eab00000)
  object space 46592K, 34% used [0x00000000c0000000,0x00000000c0fd4218,0x00000000c2d80000)
 Metaspace       used 45275K, capacity 46376K, committed 46592K, reserved 1089536K
  class space    used 6035K, capacity 6291K, committed 6400K, reserved 1048576K
Event: 28.255 GC heap after
Heap after GC invocations=18 (full 2):
 PSYoungGen      total 123392K, used 7039K [0x00000000eab00000, 0x00000000f2d80000, 0x0000000100000000)
  eden space 114176K, 0% used [0x00000000eab00000,0x00000000eab00000,0x00000000f1a80000)
  from space 9216K, 76% used [0x00000000f2400000,0x00000000f2adfca0,0x00000000f2d00000)
  to   space 9728K, 0% used [0x00000000f1a80000,0x00000000f1a80000,0x00000000f2400000)
 ParOldGen       total 46592K, used 22667K [0x00000000c0000000, 0x00000000c2d80000, 0x00000000eab00000)
  object space 46592K, 48% used [0x00000000c0000000,0x00000000c1622ee8,0x00000000c2d80000)
 Metaspace       used 45275K, capacity 46376K, committed 46592K, reserved 1089536K
  class space    used 6035K, capacity 6291K, committed 6400K, reserved 1048576K
}
Event: 33.435 GC heap before
{Heap before GC invocations=19 (full 2):
 PSYoungGen      total 123392K, used 121215K [0x00000000eab00000, 0x00000000f2d80000, 0x0000000100000000)
  eden space 114176K, 100% used [0x00000000eab00000,0x00000000f1a80000,0x00000000f1a80000)
  from space 9216K, 76% used [0x00000000f2400000,0x00000000f2adfca0,0x00000000f2d00000)
  to   space 9728K, 0% used [0x00000000f1a80000,0x00000000f1a80000,0x00000000f2400000)
 ParOldGen       total 46592K, used 22667K [0x00000000c0000000, 0x00000000c2d80000, 0x00000000eab00000)
  object space 46592K, 48% used [0x00000000c0000000,0x00000000c1622ee8,0x00000000c2d80000)
 Metaspace       used 49789K, capacity 51146K, committed 51328K, reserved 1093632K
  class space    used 6633K, capacity 6920K, committed 7040K, reserved 1048576K

