# JRE version: OpenJDK Runtime Environment (8.0_76-b03) (build 1.8.0_76-release-b03)
# Java VM: OpenJDK 64-Bit Server VM (25.76-b03 mixed mode windows-amd64 compressed oops)
Heap:
 PSYoungGen      total 99840K, used 30701K [0x00000000eab00000, 0x00000000f5780000, 0x0000000100000000)
  eden space 69120K, 0% used [0x00000000eab00000,0x00000000eab00000,0x00000000eee80000)
  from space 30720K, 99% used [0x00000000eee80000,0x00000000f0c7b488,0x00000000f0c80000)
  to   space 41984K, 0% used [0x00000000f2e80000,0x00000000f2e80000,0x00000000f5780000)
 ParOldGen       total 70656K, used 56533K [0x00000000c0000000, 0x00000000c4500000, 0x00000000eab00000)
  object space 70656K, 80% used [0x00000000c0000000,0x00000000c3735620,0x00000000c4500000)
 Metaspace       used 5982K, capacity 7088K, committed 7296K, reserved 1056768K
  class space    used 564K, capacity 616K, committed 640K, reserved 1048576K
GC Heap History (10 events):
Event: 3.909 GC heap after
Heap after GC invocations=6 (full 1):
 PSYoungGen      total 34304K, used 0K [0x00000000eab00000, 0x00000000f0a00000, 0x0000000100000000)
  eden space 31744K, 0% used [0x00000000eab00000,0x00000000eab00000,0x00000000eca00000)
  from space 2560K, 0% used [0x00000000eca00000,0x00000000eca00000,0x00000000ecc80000)
  to   space 16896K, 0% used [0x00000000ef980000,0x00000000ef980000,0x00000000f0a00000)
 ParOldGen       total 70656K, used 32024K [0x00000000c0000000, 0x00000000c4500000, 0x00000000eab00000)
  object space 70656K, 45% used [0x00000000c0000000,0x00000000c1f46290,0x00000000c4500000)
 Metaspace       used 5724K, capacity 6832K, committed 7040K, reserved 1056768K
  class space    used 556K, capacity 616K, committed 640K, reserved 1048576K
}
Event: 4.247 GC heap before
{Heap before GC invocations=7 (full 1):
 PSYoungGen      total 34304K, used 31744K [0x00000000eab00000, 0x00000000f0a00000, 0x0000000100000000)
  eden space 31744K, 100% used [0x00000000eab00000,0x00000000eca00000,0x00000000eca00000)
  from space 2560K, 0% used [0x00000000eca00000,0x00000000eca00000,0x00000000ecc80000)
  to   space 16896K, 0% used [0x00000000ef980000,0x00000000ef980000,0x00000000f0a00000)
 ParOldGen       total 70656K, used 32024K [0x00000000c0000000, 0x00000000c4500000, 0x00000000eab00000)
  object space 70656K, 45% used [0x00000000c0000000,0x00000000c1f46290,0x00000000c4500000)
 Metaspace       used 5746K, capacity 6832K, committed 7040K, reserved 1056768K
  class space    used 556K, capacity 616K, committed 640K, reserved 1048576K
Event: 4.320 GC heap after
Heap after GC invocations=7 (full 1):
 PSYoungGen      total 65536K, used 16537K [0x00000000eab00000, 0x00000000f0a00000, 0x0000000100000000)
  eden space 48640K, 0% used [0x00000000eab00000,0x00000000eab00000,0x00000000eda80000)
  from space 16896K, 97% used [0x00000000ef980000,0x00000000f09a66e8,0x00000000f0a00000)
  to   space 19456K, 0% used [0x00000000ee400000,0x00000000ee400000,0x00000000ef700000)
 ParOldGen       total 70656K, used 32024K [0x00000000c0000000, 0x00000000c4500000, 0x00000000eab00000)
  object space 70656K, 45% used [0x00000000c0000000,0x00000000c1f46290,0x00000000c4500000)
 Metaspace       used 5746K, capacity 6832K, committed 7040K, reserved 1056768K
  class space    used 556K, capacity 616K, committed 640K, reserved 1048576K
}
Event: 5.077 GC heap before
{Heap before GC invocations=8 (full 1):
 PSYoungGen      total 65536K, used 65177K [0x00000000eab00000, 0x00000000f0a00000, 0x0000000100000000)
  eden space 48640K, 100% used [0x00000000eab00000,0x00000000eda80000,0x00000000eda80000)
  from space 16896K, 97% used [0x00000000ef980000,0x00000000f09a66e8,0x00000000f0a00000)
  to   space 19456K, 0% used [0x00000000ee400000,0x00000000ee400000,0x00000000ef700000)
 ParOldGen       total 70656K, used 32024K [0x00000000c0000000, 0x00000000c4500000, 0x00000000eab00000)
  object space 70656K, 45% used [0x00000000c0000000,0x00000000c1f46290,0x00000000c4500000)
 Metaspace       used 5760K, capacity 6896K, committed 7040K, reserved 1056768K
  class space    used 556K, capacity 616K, committed 640K, reserved 1048576K
Event: 5.131 GC heap after
Heap after GC invocations=8 (full 1):
 PSYoungGen      total 77824K, used 19426K [0x00000000eab00000, 0x00000000f2600000, 0x0000000100000000)
  eden space 58368K, 0% used [0x00000000eab00000,0x00000000eab00000,0x00000000ee400000)
  from space 19456K, 99% used [0x00000000ee400000,0x00000000ef6f8a40,0x00000000ef700000)
  to   space 26112K, 0% used [0x00000000f0c80000,0x00000000f0c80000,0x00000000f2600000)
 ParOldGen       total 70656K, used 39034K [0x00000000c0000000, 0x00000000c4500000, 0x00000000eab00000)
  object space 70656K, 55% used [0x00000000c0000000,0x00000000c261e858,0x00000000c4500000)
 Metaspace       used 5760K, capacity 6896K, committed 7040K, reserved 1056768K
  class space    used 556K, capacity 616K, committed 640K, reserved 1048576K
}
Event: 6.212 GC heap before
{Heap before GC invocations=9 (full 1):
 PSYoungGen      total 77824K, used 77794K [0x00000000eab00000, 0x00000000f2600000, 0x0000000100000000)
  eden space 58368K, 100% used [0x00000000eab00000,0x00000000ee400000,0x00000000ee400000)
  from space 19456K, 99% used [0x00000000ee400000,0x00000000ef6f8a40,0x00000000ef700000)
  to   space 26112K, 0% used [0x00000000f0c80000,0x00000000f0c80000,0x00000000f2600000)
 ParOldGen       total 70656K, used 39034K [0x00000000c0000000, 0x00000000c4500000, 0x00000000eab00000)
  object space 70656K, 55% used [0x00000000c0000000,0x00000000c261e858,0x00000000c4500000)
 Metaspace       used 5919K, capacity 7024K, committed 7296K, reserved 1056768K
  class space    used 562K, capacity 616K, committed 640K, reserved 1048576K
Event: 6.355 GC heap after
Heap after GC invocations=9 (full 1):
 PSYoungGen      total 95232K, used 26090K [0x00000000eab00000, 0x00000000f3f00000, 0x0000000100000000)
  eden space 69120K, 0% used [0x00000000eab00000,0x00000000eab00000,0x00000000eee80000)
  from space 26112K, 99% used [0x00000000f0c80000,0x00000000f25fa848,0x00000000f2600000)
  to   space 30720K, 0% used [0x00000000eee80000,0x00000000eee80000,0x00000000f0c80000)
 ParOldGen       total 70656K, used 39454K [0x00000000c0000000, 0x00000000c4500000, 0x00000000eab00000)
  object space 70656K, 55% used [0x00000000c0000000,0x00000000c2687ba8,0x00000000c4500000)
 Metaspace       used 5919K, capacity 7024K, committed 7296K, reserved 1056768K
  class space    used 562K, capacity 616K, committed 640K, reserved 1048576K
}
Event: 7.191 GC heap before
{Heap before GC invocations=10 (full 1):
 PSYoungGen      total 95232K, used 95210K [0x00000000eab00000, 0x00000000f3f00000, 0x0000000100000000)
  eden space 69120K, 100% used [0x00000000eab00000,0x00000000eee80000,0x00000000eee80000)
  from space 26112K, 99% used [0x00000000f0c80000,0x00000000f25fa848,0x00000000f2600000)
  to   space 30720K, 0% used [0x00000000eee80000,0x00000000eee80000,0x00000000f0c80000)
 ParOldGen       total 70656K, used 39454K [0x00000000c0000000, 0x00000000c4500000, 0x00000000eab00000)
  object space 70656K, 55% used [0x00000000c0000000,0x00000000c2687ba8,0x00000000c4500000)
 Metaspace       used 5982K, capacity 7088K, committed 7296K, reserved 1056768K
  class space    used 564K, capacity 616K, committed 640K, reserved 1048576K
Event: 7.291 GC heap after
Heap after GC invocations=10 (full 1):
 PSYoungGen      total 99840K, used 30701K [0x00000000eab00000, 0x00000000f5780000, 0x0000000100000000)
  eden space 69120K, 0% used [0x00000000eab00000,0x00000000eab00000,0x00000000eee80000)
  from space 30720K, 99% used [0x00000000eee80000,0x00000000f0c7b488,0x00000000f0c80000)
  to   space 41984K, 0% used [0x00000000f2e80000,0x00000000f2e80000,0x00000000f5780000)
 ParOldGen       total 70656K, used 56533K [0x00000000c0000000, 0x00000000c4500000, 0x00000000eab00000)
  object space 70656K, 80% used [0x00000000c0000000,0x00000000c3735620,0x00000000c4500000)
 Metaspace       used 5982K, capacity 7088K, committed 7296K, reserved 1056768K
  class space    used 564K, capacity 616K, committed 640K, reserved 1048576K
}
Event: 7.291 GC heap before
{Heap before GC invocations=11 (full 2):
 PSYoungGen      total 99840K, used 30701K [0x00000000eab00000, 0x00000000f5780000, 0x0000000100000000)
  eden space 69120K, 0% used [0x00000000eab00000,0x00000000eab00000,0x00000000eee80000)
  from space 30720K, 99% used [0x00000000eee80000,0x00000000f0c7b488,0x00000000f0c80000)
  to   space 41984K, 0% used [0x00000000f2e80000,0x00000000f2e80000,0x00000000f5780000)
 ParOldGen       total 70656K, used 56533K [0x00000000c0000000, 0x00000000c4500000, 0x00000000eab00000)
  object space 70656K, 80% used [0x00000000c0000000,0x00000000c3735620,0x00000000c4500000)
 Metaspace       used 5982K, capacity 7088K, committed 7296K, reserved 1056768K
  class space    used 564K, capacity 616K, committed 640K, reserved 1048576K

