# JRE version: OpenJDK Runtime Environment (8.0_76-b03) (build 1.8.0_76-release-b03)
# Java VM: OpenJDK 64-Bit Server VM (25.76-b03 mixed mode windows-amd64 compressed oops)
Heap:
 PSYoungGen      total 89088K, used 72911K [0x00000000eab00000, 0x00000000f3900000, 0x0000000100000000)
  eden space 59904K, 73% used [0x00000000eab00000,0x00000000ed5b9580,0x00000000ee580000)
  from space 29184K, 99% used [0x00000000ee580000,0x00000000f01faa78,0x00000000f0200000)
  to   space 36352K, 0% used [0x00000000f1580000,0x00000000f1580000,0x00000000f3900000)
 ParOldGen       total 94208K, used 34437K [0x00000000c0000000, 0x00000000c5c00000, 0x00000000eab00000)
  object space 94208K, 36% used [0x00000000c0000000,0x00000000c21a1750,0x00000000c5c00000)
 Metaspace       used 6169K, capacity 7216K, committed 7296K, reserved 1056768K
  class space    used 578K, capacity 616K, committed 640K, reserved 1048576K
GC Heap History (10 events):
Event: 4.458 GC heap before
{Heap before GC invocations=7 (full 1):
 PSYoungGen      total 55808K, used 55778K [0x00000000eab00000, 0x00000000f0c00000, 0x0000000100000000)
  eden space 53248K, 99% used [0x00000000eab00000,0x00000000edefd880,0x00000000edf00000)
  from space 2560K, 99% used [0x00000000ee900000,0x00000000eeb7b2f0,0x00000000eeb80000)
  to   space 23040K, 0% used [0x00000000ef580000,0x00000000ef580000,0x00000000f0c00000)
 ParOldGen       total 69120K, used 48309K [0x00000000c0000000, 0x00000000c4380000, 0x00000000eab00000)
  object space 69120K, 69% used [0x00000000c0000000,0x00000000c2f2d580,0x00000000c4380000)
 Metaspace       used 5795K, capacity 6960K, committed 7040K, reserved 1056768K
  class space    used 557K, capacity 616K, committed 640K, reserved 1048576K
Event: 4.515 GC heap after
Heap after GC invocations=7 (full 1):
 PSYoungGen      total 72704K, used 22106K [0x00000000eab00000, 0x00000000f2380000, 0x0000000100000000)
  eden space 49664K, 0% used [0x00000000eab00000,0x00000000eab00000,0x00000000edb80000)
  from space 23040K, 95% used [0x00000000ef580000,0x00000000f0b168d0,0x00000000f0c00000)
  to   space 26624K, 0% used [0x00000000edb80000,0x00000000edb80000,0x00000000ef580000)
 ParOldGen       total 69120K, used 48317K [0x00000000c0000000, 0x00000000c4380000, 0x00000000eab00000)
  object space 69120K, 69% used [0x00000000c0000000,0x00000000c2f2f580,0x00000000c4380000)
 Metaspace       used 5795K, capacity 6960K, committed 7040K, reserved 1056768K
  class space    used 557K, capacity 616K, committed 640K, reserved 1048576K
}
Event: 4.515 GC heap before
{Heap before GC invocations=8 (full 2):
 PSYoungGen      total 72704K, used 22106K [0x00000000eab00000, 0x00000000f2380000, 0x0000000100000000)
  eden space 49664K, 0% used [0x00000000eab00000,0x00000000eab00000,0x00000000edb80000)
  from space 23040K, 95% used [0x00000000ef580000,0x00000000f0b168d0,0x00000000f0c00000)
  to   space 26624K, 0% used [0x00000000edb80000,0x00000000edb80000,0x00000000ef580000)
 ParOldGen       total 69120K, used 48317K [0x00000000c0000000, 0x00000000c4380000, 0x00000000eab00000)
  object space 69120K, 69% used [0x00000000c0000000,0x00000000c2f2f580,0x00000000c4380000)
 Metaspace       used 5795K, capacity 6960K, committed 7040K, reserved 1056768K
  class space    used 557K, capacity 616K, committed 640K, reserved 1048576K
Event: 4.895 GC heap after
Heap after GC invocations=8 (full 2):
 PSYoungGen      total 72704K, used 0K [0x00000000eab00000, 0x00000000f2380000, 0x0000000100000000)
  eden space 49664K, 0% used [0x00000000eab00000,0x00000000eab00000,0x00000000edb80000)
  from space 23040K, 0% used [0x00000000ef580000,0x00000000ef580000,0x00000000f0c00000)
  to   space 26624K, 0% used [0x00000000edb80000,0x00000000edb80000,0x00000000ef580000)
 ParOldGen       total 94208K, used 26239K [0x00000000c0000000, 0x00000000c5c00000, 0x00000000eab00000)
  object space 94208K, 27% used [0x00000000c0000000,0x00000000c199fea8,0x00000000c5c00000)
 Metaspace       used 5795K, capacity 6960K, committed 7040K, reserved 1056768K
  class space    used 557K, capacity 616K, committed 640K, reserved 1048576K
}
Event: 5.424 GC heap before
{Heap before GC invocations=9 (full 2):
 PSYoungGen      total 72704K, used 49664K [0x00000000eab00000, 0x00000000f2380000, 0x0000000100000000)
  eden space 49664K, 100% used [0x00000000eab00000,0x00000000edb80000,0x00000000edb80000)
  from space 23040K, 0% used [0x00000000ef580000,0x00000000ef580000,0x00000000f0c00000)
  to   space 26624K, 0% used [0x00000000edb80000,0x00000000edb80000,0x00000000ef580000)
 ParOldGen       total 94208K, used 26239K [0x00000000c0000000, 0x00000000c5c00000, 0x00000000eab00000)
  object space 94208K, 27% used [0x00000000c0000000,0x00000000c199fea8,0x00000000c5c00000)
 Metaspace       used 5849K, capacity 7024K, committed 7296K, reserved 1056768K
  class space    used 562K, capacity 616K, committed 640K, reserved 1048576K
Event: 5.451 GC heap after
Heap after GC invocations=9 (full 2):
 PSYoungGen      total 76288K, used 10850K [0x00000000eab00000, 0x00000000f1b00000, 0x0000000100000000)
  eden space 49664K, 0% used [0x00000000eab00000,0x00000000eab00000,0x00000000edb80000)
  from space 26624K, 40% used [0x00000000edb80000,0x00000000ee6189c0,0x00000000ef580000)
  to   space 25600K, 0% used [0x00000000f0200000,0x00000000f0200000,0x00000000f1b00000)
 ParOldGen       total 94208K, used 26247K [0x00000000c0000000, 0x00000000c5c00000, 0x00000000eab00000)
  object space 94208K, 27% used [0x00000000c0000000,0x00000000c19a1ea8,0x00000000c5c00000)
 Metaspace       used 5849K, capacity 7024K, committed 7296K, reserved 1056768K
  class space    used 562K, capacity 616K, committed 640K, reserved 1048576K
}
Event: 6.170 GC heap before
{Heap before GC invocations=10 (full 2):
 PSYoungGen      total 76288K, used 60514K [0x00000000eab00000, 0x00000000f1b00000, 0x0000000100000000)
  eden space 49664K, 100% used [0x00000000eab00000,0x00000000edb80000,0x00000000edb80000)
  from space 26624K, 40% used [0x00000000edb80000,0x00000000ee6189c0,0x00000000ef580000)
  to   space 25600K, 0% used [0x00000000f0200000,0x00000000f0200000,0x00000000f1b00000)
 ParOldGen       total 94208K, used 26247K [0x00000000c0000000, 0x00000000c5c00000, 0x00000000eab00000)
  object space 94208K, 27% used [0x00000000c0000000,0x00000000c19a1ea8,0x00000000c5c00000)
 Metaspace       used 5941K, capacity 7088K, committed 7296K, reserved 1056768K
  class space    used 563K, capacity 616K, committed 640K, reserved 1048576K
Event: 6.226 GC heap after
Heap after GC invocations=10 (full 2):
 PSYoungGen      total 85504K, used 24177K [0x00000000eab00000, 0x00000000f2280000, 0x0000000100000000)
  eden space 59904K, 0% used [0x00000000eab00000,0x00000000eab00000,0x00000000ee580000)
  from space 25600K, 94% used [0x00000000f0200000,0x00000000f199c4b0,0x00000000f1b00000)
  to   space 29184K, 0% used [0x00000000ee580000,0x00000000ee580000,0x00000000f0200000)
 ParOldGen       total 94208K, used 26255K [0x00000000c0000000, 0x00000000c5c00000, 0x00000000eab00000)
  object space 94208K, 27% used [0x00000000c0000000,0x00000000c19a3ea8,0x00000000c5c00000)
 Metaspace       used 5941K, capacity 7088K, committed 7296K, reserved 1056768K
  class space    used 563K, capacity 616K, committed 640K, reserved 1048576K
}
Event: 6.775 GC heap before
{Heap before GC invocations=11 (full 2):
 PSYoungGen      total 85504K, used 84081K [0x00000000eab00000, 0x00000000f2280000, 0x0000000100000000)
  eden space 59904K, 100% used [0x00000000eab00000,0x00000000ee580000,0x00000000ee580000)
  from space 25600K, 94% used [0x00000000f0200000,0x00000000f199c4b0,0x00000000f1b00000)
  to   space 29184K, 0% used [0x00000000ee580000,0x00000000ee580000,0x00000000f0200000)
 ParOldGen       total 94208K, used 26255K [0x00000000c0000000, 0x00000000c5c00000, 0x00000000eab00000)
  object space 94208K, 27% used [0x00000000c0000000,0x00000000c19a3ea8,0x00000000c5c00000)
 Metaspace       used 5968K, capacity 7088K, committed 7296K, reserved 1056768K
  class space    used 564K, capacity 616K, committed 640K, reserved 1048576K
Event: 6.867 GC heap after
Heap after GC invocations=11 (full 2):
 PSYoungGen      total 89088K, used 29162K [0x00000000eab00000, 0x00000000f3900000, 0x0000000100000000)
  eden space 59904K, 0% used [0x00000000eab00000,0x00000000eab00000,0x00000000ee580000)
  from space 29184K, 99% used [0x00000000ee580000,0x00000000f01faa78,0x00000000f0200000)
  to   space 36352K, 0% used [0x00000000f1580000,0x00000000f1580000,0x00000000f3900000)
 ParOldGen       total 94208K, used 34437K [0x00000000c0000000, 0x00000000c5c00000, 0x00000000eab00000)
  object space 94208K, 36% used [0x00000000c0000000,0x00000000c21a1750,0x00000000c5c00000)
 Metaspace       used 5968K, capacity 7088K, committed 7296K, reserved 1056768K
  class space    used 564K, capacity 616K, committed 640K, reserved 1048576K
}

