# JRE version: OpenJDK Runtime Environment (8.0_76-b03) (build 1.8.0_76-release-b03)
# Java VM: OpenJDK 64-Bit Server VM (25.76-b03 mixed mode windows-amd64 compressed oops)
Heap:
 PSYoungGen      total 86016K, used 32478K [0x00000000eab00000, 0x00000000f3600000, 0x0000000100000000)
  eden space 50176K, 0% used [0x00000000eab00000,0x00000000eab00000,0x00000000edc00000)
  from space 35840K, 90% used [0x00000000edc00000,0x00000000efbb7918,0x00000000eff00000)
  to   space 39936K, 0% used [0x00000000f0f00000,0x00000000f0f00000,0x00000000f3600000)
 ParOldGen       total 69120K, used 64355K [0x00000000c0000000, 0x00000000c4380000, 0x00000000eab00000)
  object space 69120K, 93% used [0x00000000c0000000,0x00000000c3ed8c40,0x00000000c4380000)
 Metaspace       used 5879K, capacity 7024K, committed 7296K, reserved 1056768K
  class space    used 563K, capacity 616K, committed 640K, reserved 1048576K
GC Heap History (10 events):
Event: 3.736 GC heap after
Heap after GC invocations=6 (full 1):
 PSYoungGen      total 34304K, used 0K [0x00000000eab00000, 0x00000000f0700000, 0x0000000100000000)
  eden space 31744K, 0% used [0x00000000eab00000,0x00000000eab00000,0x00000000eca00000)
  from space 2560K, 0% used [0x00000000eca00000,0x00000000eca00000,0x00000000ecc80000)
  to   space 15360K, 0% used [0x00000000ef800000,0x00000000ef800000,0x00000000f0700000)
 ParOldGen       total 69120K, used 30435K [0x00000000c0000000, 0x00000000c4380000, 0x00000000eab00000)
  object space 69120K, 44% used [0x00000000c0000000,0x00000000c1db8ce0,0x00000000c4380000)
 Metaspace       used 5710K, capacity 6896K, committed 7040K, reserved 1056768K
  class space    used 559K, capacity 616K, committed 640K, reserved 1048576K
}
Event: 4.259 GC heap before
{Heap before GC invocations=7 (full 1):
 PSYoungGen      total 34304K, used 31744K [0x00000000eab00000, 0x00000000f0700000, 0x0000000100000000)
  eden space 31744K, 100% used [0x00000000eab00000,0x00000000eca00000,0x00000000eca00000)
  from space 2560K, 0% used [0x00000000eca00000,0x00000000eca00000,0x00000000ecc80000)
  to   space 15360K, 0% used [0x00000000ef800000,0x00000000ef800000,0x00000000f0700000)
 ParOldGen       total 69120K, used 30435K [0x00000000c0000000, 0x00000000c4380000, 0x00000000eab00000)
  object space 69120K, 44% used [0x00000000c0000000,0x00000000c1db8ce0,0x00000000c4380000)
 Metaspace       used 5754K, capacity 6896K, committed 7040K, reserved 1056768K
  class space    used 563K, capacity 616K, committed 640K, reserved 1048576K
Event: 4.295 GC heap after
Heap after GC invocations=7 (full 1):
 PSYoungGen      total 57856K, used 15338K [0x00000000eab00000, 0x00000000f0700000, 0x0000000100000000)
  eden space 42496K, 0% used [0x00000000eab00000,0x00000000eab00000,0x00000000ed480000)
  from space 15360K, 99% used [0x00000000ef800000,0x00000000f06fa9b0,0x00000000f0700000)
  to   space 18432K, 0% used [0x00000000ee300000,0x00000000ee300000,0x00000000ef500000)
 ParOldGen       total 69120K, used 31358K [0x00000000c0000000, 0x00000000c4380000, 0x00000000eab00000)
  object space 69120K, 45% used [0x00000000c0000000,0x00000000c1e9f910,0x00000000c4380000)
 Metaspace       used 5754K, capacity 6896K, committed 7040K, reserved 1056768K
  class space    used 563K, capacity 616K, committed 640K, reserved 1048576K
}
Event: 4.854 GC heap before
{Heap before GC invocations=8 (full 1):
 PSYoungGen      total 57856K, used 57834K [0x00000000eab00000, 0x00000000f0700000, 0x0000000100000000)
  eden space 42496K, 100% used [0x00000000eab00000,0x00000000ed480000,0x00000000ed480000)
  from space 15360K, 99% used [0x00000000ef800000,0x00000000f06fa9b0,0x00000000f0700000)
  to   space 18432K, 0% used [0x00000000ee300000,0x00000000ee300000,0x00000000ef500000)
 ParOldGen       total 69120K, used 31358K [0x00000000c0000000, 0x00000000c4380000, 0x00000000eab00000)
  object space 69120K, 45% used [0x00000000c0000000,0x00000000c1e9f910,0x00000000c4380000)
 Metaspace       used 5832K, capacity 6960K, committed 7040K, reserved 1056768K
  class space    used 563K, capacity 616K, committed 640K, reserved 1048576K
Event: 4.936 GC heap after
Heap after GC invocations=8 (full 1):
 PSYoungGen      total 75776K, used 18412K [0x00000000eab00000, 0x00000000f1980000, 0x0000000100000000)
  eden space 57344K, 0% used [0x00000000eab00000,0x00000000eab00000,0x00000000ee300000)
  from space 18432K, 99% used [0x00000000ee300000,0x00000000ef4fb1b0,0x00000000ef500000)
  to   space 27136K, 0% used [0x00000000eff00000,0x00000000eff00000,0x00000000f1980000)
 ParOldGen       total 69120K, used 43743K [0x00000000c0000000, 0x00000000c4380000, 0x00000000eab00000)
  object space 69120K, 63% used [0x00000000c0000000,0x00000000c2ab7ce8,0x00000000c4380000)
 Metaspace       used 5832K, capacity 6960K, committed 7040K, reserved 1056768K
  class space    used 563K, capacity 616K, committed 640K, reserved 1048576K
}
Event: 5.887 GC heap before
{Heap before GC invocations=9 (full 1):
 PSYoungGen      total 75776K, used 75756K [0x00000000eab00000, 0x00000000f1980000, 0x0000000100000000)
  eden space 57344K, 100% used [0x00000000eab00000,0x00000000ee300000,0x00000000ee300000)
  from space 18432K, 99% used [0x00000000ee300000,0x00000000ef4fb1b0,0x00000000ef500000)
  to   space 27136K, 0% used [0x00000000eff00000,0x00000000eff00000,0x00000000f1980000)
 ParOldGen       total 69120K, used 43743K [0x00000000c0000000, 0x00000000c4380000, 0x00000000eab00000)
  object space 69120K, 63% used [0x00000000c0000000,0x00000000c2ab7ce8,0x00000000c4380000)
 Metaspace       used 5843K, capacity 6960K, committed 7040K, reserved 1056768K
  class space    used 563K, capacity 616K, committed 640K, reserved 1048576K
Event: 5.976 GC heap after
Heap after GC invocations=9 (full 1):
 PSYoungGen      total 77312K, used 27122K [0x00000000eab00000, 0x00000000f3e80000, 0x0000000100000000)
  eden space 50176K, 0% used [0x00000000eab00000,0x00000000eab00000,0x00000000edc00000)
  from space 27136K, 99% used [0x00000000eff00000,0x00000000f197cae0,0x00000000f1980000)
  to   space 35840K, 0% used [0x00000000edc00000,0x00000000edc00000,0x00000000eff00000)
 ParOldGen       total 69120K, used 52887K [0x00000000c0000000, 0x00000000c4380000, 0x00000000eab00000)
  object space 69120K, 76% used [0x00000000c0000000,0x00000000c33a5c80,0x00000000c4380000)
 Metaspace       used 5843K, capacity 6960K, committed 7040K, reserved 1056768K
  class space    used 563K, capacity 616K, committed 640K, reserved 1048576K
}
Event: 6.722 GC heap before
{Heap before GC invocations=10 (full 1):
 PSYoungGen      total 77312K, used 77298K [0x00000000eab00000, 0x00000000f3e80000, 0x0000000100000000)
  eden space 50176K, 100% used [0x00000000eab00000,0x00000000edc00000,0x00000000edc00000)
  from space 27136K, 99% used [0x00000000eff00000,0x00000000f197cae0,0x00000000f1980000)
  to   space 35840K, 0% used [0x00000000edc00000,0x00000000edc00000,0x00000000eff00000)
 ParOldGen       total 69120K, used 52887K [0x00000000c0000000, 0x00000000c4380000, 0x00000000eab00000)
  object space 69120K, 76% used [0x00000000c0000000,0x00000000c33a5c80,0x00000000c4380000)
 Metaspace       used 5879K, capacity 7024K, committed 7296K, reserved 1056768K
  class space    used 563K, capacity 616K, committed 640K, reserved 1048576K
Event: 6.821 GC heap after
Heap after GC invocations=10 (full 1):
 PSYoungGen      total 86016K, used 32478K [0x00000000eab00000, 0x00000000f3600000, 0x0000000100000000)
  eden space 50176K, 0% used [0x00000000eab00000,0x00000000eab00000,0x00000000edc00000)
  from space 35840K, 90% used [0x00000000edc00000,0x00000000efbb7918,0x00000000eff00000)
  to   space 39936K, 0% used [0x00000000f0f00000,0x00000000f0f00000,0x00000000f3600000)
 ParOldGen       total 69120K, used 64355K [0x00000000c0000000, 0x00000000c4380000, 0x00000000eab00000)
  object space 69120K, 93% used [0x00000000c0000000,0x00000000c3ed8c40,0x00000000c4380000)
 Metaspace       used 5879K, capacity 7024K, committed 7296K, reserved 1056768K
  class space    used 563K, capacity 616K, committed 640K, reserved 1048576K
}
Event: 6.821 GC heap before
{Heap before GC invocations=11 (full 2):
 PSYoungGen      total 86016K, used 32478K [0x00000000eab00000, 0x00000000f3600000, 0x0000000100000000)
  eden space 50176K, 0% used [0x00000000eab00000,0x00000000eab00000,0x00000000edc00000)
  from space 35840K, 90% used [0x00000000edc00000,0x00000000efbb7918,0x00000000eff00000)
  to   space 39936K, 0% used [0x00000000f0f00000,0x00000000f0f00000,0x00000000f3600000)
 ParOldGen       total 69120K, used 64355K [0x00000000c0000000, 0x00000000c4380000, 0x00000000eab00000)
  object space 69120K, 93% used [0x00000000c0000000,0x00000000c3ed8c40,0x00000000c4380000)
 Metaspace       used 5879K, capacity 7024K, committed 7296K, reserved 1056768K
  class space    used 563K, capacity 616K, committed 640K, reserved 1048576K

