# JRE version: OpenJDK Runtime Environment (8.0_76-b03) (build 1.8.0_76-release-b03)
# Java VM: OpenJDK 64-Bit Server VM (25.76-b03 mixed mode windows-amd64 compressed oops)
Heap:
 PSYoungGen      total 120320K, used 63511K [0x00000000eab00000, 0x00000000f6980000, 0x0000000100000000)
  eden space 89088K, 36% used [0x00000000eab00000,0x00000000eca8a0e8,0x00000000f0200000)
  from space 31232K, 99% used [0x00000000f2a00000,0x00000000f487bf10,0x00000000f4880000)
  to   space 40960K, 0% used [0x00000000f0200000,0x00000000f0200000,0x00000000f2a00000)
 ParOldGen       total 101888K, used 43862K [0x00000000c0000000, 0x00000000c6380000, 0x00000000eab00000)
  object space 101888K, 43% used [0x00000000c0000000,0x00000000c2ad5950,0x00000000c6380000)
 Metaspace       used 6248K, capacity 7344K, committed 7552K, reserved 1056768K
  class space    used 581K, capacity 616K, committed 640K, reserved 1048576K
GC Heap History (10 events):
Event: 10.206 GC heap before
{Heap before GC invocations=6 (full 1):
 PSYoungGen      total 66048K, used 63488K [0x00000000eab00000, 0x00000000eee00000, 0x0000000100000000)
  eden space 63488K, 100% used [0x00000000eab00000,0x00000000ee900000,0x00000000ee900000)
  from space 2560K, 0% used [0x00000000eeb80000,0x00000000eeb80000,0x00000000eee00000)
  to   space 2560K, 0% used [0x00000000ee900000,0x00000000ee900000,0x00000000eeb80000)
 ParOldGen       total 80384K, used 35590K [0x00000000c0000000, 0x00000000c4e80000, 0x00000000eab00000)
  object space 80384K, 44% used [0x00000000c0000000,0x00000000c22c1b08,0x00000000c4e80000)
 Metaspace       used 5702K, capacity 6896K, committed 7040K, reserved 1056768K
  class space    used 557K, capacity 616K, committed 640K, reserved 1048576K
Event: 10.613 GC heap after
Heap after GC invocations=6 (full 1):
 PSYoungGen      total 66048K, used 2536K [0x00000000eab00000, 0x00000000f4200000, 0x0000000100000000)
  eden space 63488K, 0% used [0x00000000eab00000,0x00000000eab00000,0x00000000ee900000)
  from space 2560K, 99% used [0x00000000ee900000,0x00000000eeb7a0e0,0x00000000eeb80000)
  to   space 28160K, 0% used [0x00000000f2680000,0x00000000f2680000,0x00000000f4200000)
 ParOldGen       total 80384K, used 56603K [0x00000000c0000000, 0x00000000c4e80000, 0x00000000eab00000)
  object space 80384K, 70% used [0x00000000c0000000,0x00000000c3746cd8,0x00000000c4e80000)
 Metaspace       used 5702K, capacity 6896K, committed 7040K, reserved 1056768K
  class space    used 557K, capacity 616K, committed 640K, reserved 1048576K
}
Event: 10.613 GC heap before
{Heap before GC invocations=7 (full 2):
 PSYoungGen      total 66048K, used 2536K [0x00000000eab00000, 0x00000000f4200000, 0x0000000100000000)
  eden space 63488K, 0% used [0x00000000eab00000,0x00000000eab00000,0x00000000ee900000)
  from space 2560K, 99% used [0x00000000ee900000,0x00000000eeb7a0e0,0x00000000eeb80000)
  to   space 28160K, 0% used [0x00000000f2680000,0x00000000f2680000,0x00000000f4200000)
 ParOldGen       total 80384K, used 56603K [0x00000000c0000000, 0x00000000c4e80000, 0x00000000eab00000)
  object space 80384K, 70% used [0x00000000c0000000,0x00000000c3746cd8,0x00000000c4e80000)
 Metaspace       used 5702K, capacity 6896K, committed 7040K, reserved 1056768K
  class space    used 557K, capacity 616K, committed 640K, reserved 1048576K
Event: 12.047 GC heap after
Heap after GC invocations=7 (full 2):
 PSYoungGen      total 66048K, used 0K [0x00000000eab00000, 0x00000000f4200000, 0x0000000100000000)
  eden space 63488K, 0% used [0x00000000eab00000,0x00000000eab00000,0x00000000ee900000)
  from space 2560K, 0% used [0x00000000ee900000,0x00000000ee900000,0x00000000eeb80000)
  to   space 28160K, 0% used [0x00000000f2680000,0x00000000f2680000,0x00000000f4200000)
 ParOldGen       total 101888K, used 33216K [0x00000000c0000000, 0x00000000c6380000, 0x00000000eab00000)
  object space 101888K, 32% used [0x00000000c0000000,0x00000000c2070048,0x00000000c6380000)
 Metaspace       used 5702K, capacity 6896K, committed 7040K, reserved 1056768K
  class space    used 557K, capacity 616K, committed 640K, reserved 1048576K
}
Event: 13.797 GC heap before
{Heap before GC invocations=8 (full 2):
 PSYoungGen      total 66048K, used 63488K [0x00000000eab00000, 0x00000000f4200000, 0x0000000100000000)
  eden space 63488K, 100% used [0x00000000eab00000,0x00000000ee900000,0x00000000ee900000)
  from space 2560K, 0% used [0x00000000ee900000,0x00000000ee900000,0x00000000eeb80000)
  to   space 28160K, 0% used [0x00000000f2680000,0x00000000f2680000,0x00000000f4200000)
 ParOldGen       total 101888K, used 33216K [0x00000000c0000000, 0x00000000c6380000, 0x00000000eab00000)
  object space 101888K, 32% used [0x00000000c0000000,0x00000000c2070048,0x00000000c6380000)
 Metaspace       used 5829K, capacity 6960K, committed 7040K, reserved 1056768K
  class space    used 560K, capacity 616K, committed 640K, reserved 1048576K
Event: 13.997 GC heap after
Heap after GC invocations=8 (full 2):
 PSYoungGen      total 99328K, used 20234K [0x00000000eab00000, 0x00000000f3a80000, 0x0000000100000000)
  eden space 78848K, 0% used [0x00000000eab00000,0x00000000eab00000,0x00000000ef800000)
  from space 20480K, 98% used [0x00000000f2680000,0x00000000f3a42b80,0x00000000f3a80000)
  to   space 29696K, 0% used [0x00000000f0080000,0x00000000f0080000,0x00000000f1d80000)
 ParOldGen       total 101888K, used 33216K [0x00000000c0000000, 0x00000000c6380000, 0x00000000eab00000)
  object space 101888K, 32% used [0x00000000c0000000,0x00000000c2070048,0x00000000c6380000)
 Metaspace       used 5829K, capacity 6960K, committed 7040K, reserved 1056768K
  class space    used 560K, capacity 616K, committed 640K, reserved 1048576K
}
Event: 15.076 GC heap before
{Heap before GC invocations=9 (full 2):
 PSYoungGen      total 99328K, used 99082K [0x00000000eab00000, 0x00000000f3a80000, 0x0000000100000000)
  eden space 78848K, 100% used [0x00000000eab00000,0x00000000ef800000,0x00000000ef800000)
  from space 20480K, 98% used [0x00000000f2680000,0x00000000f3a42b80,0x00000000f3a80000)
  to   space 29696K, 0% used [0x00000000f0080000,0x00000000f0080000,0x00000000f1d80000)
 ParOldGen       total 101888K, used 33216K [0x00000000c0000000, 0x00000000c6380000, 0x00000000eab00000)
  object space 101888K, 32% used [0x00000000c0000000,0x00000000c2070048,0x00000000c6380000)
 Metaspace       used 5872K, capacity 7024K, committed 7296K, reserved 1056768K
  class space    used 562K, capacity 616K, committed 640K, reserved 1048576K
Event: 15.202 GC heap after
Heap after GC invocations=9 (full 2):
 PSYoungGen      total 117248K, used 22819K [0x00000000eab00000, 0x00000000f4880000, 0x0000000100000000)
  eden space 87552K, 0% used [0x00000000eab00000,0x00000000eab00000,0x00000000f0080000)
  from space 29696K, 76% used [0x00000000f0080000,0x00000000f16c8cd0,0x00000000f1d80000)
  to   space 31232K, 0% used [0x00000000f2a00000,0x00000000f2a00000,0x00000000f4880000)
 ParOldGen       total 101888K, used 33216K [0x00000000c0000000, 0x00000000c6380000, 0x00000000eab00000)
  object space 101888K, 32% used [0x00000000c0000000,0x00000000c2070048,0x00000000c6380000)
 Metaspace       used 5872K, capacity 7024K, committed 7296K, reserved 1056768K
  class space    used 562K, capacity 616K, committed 640K, reserved 1048576K
}
Event: 16.554 GC heap before
{Heap before GC invocations=10 (full 2):
 PSYoungGen      total 117248K, used 110371K [0x00000000eab00000, 0x00000000f4880000, 0x0000000100000000)
  eden space 87552K, 100% used [0x00000000eab00000,0x00000000f0080000,0x00000000f0080000)
  from space 29696K, 76% used [0x00000000f0080000,0x00000000f16c8cd0,0x00000000f1d80000)
  to   space 31232K, 0% used [0x00000000f2a00000,0x00000000f2a00000,0x00000000f4880000)
 ParOldGen       total 101888K, used 33216K [0x00000000c0000000, 0x00000000c6380000, 0x00000000eab00000)
  object space 101888K, 32% used [0x00000000c0000000,0x00000000c2070048,0x00000000c6380000)
 Metaspace       used 5998K, capacity 7152K, committed 7296K, reserved 1056768K
  class space    used 564K, capacity 616K, committed 640K, reserved 1048576K
Event: 16.826 GC heap after
Heap after GC invocations=10 (full 2):
 PSYoungGen      total 120320K, used 31215K [0x00000000eab00000, 0x00000000f6980000, 0x0000000100000000)
  eden space 89088K, 0% used [0x00000000eab00000,0x00000000eab00000,0x00000000f0200000)
  from space 31232K, 99% used [0x00000000f2a00000,0x00000000f487bf10,0x00000000f4880000)
  to   space 40960K, 0% used [0x00000000f0200000,0x00000000f0200000,0x00000000f2a00000)
 ParOldGen       total 101888K, used 43862K [0x00000000c0000000, 0x00000000c6380000, 0x00000000eab00000)
  object space 101888K, 43% used [0x00000000c0000000,0x00000000c2ad5950,0x00000000c6380000)
 Metaspace       used 5998K, capacity 7152K, committed 7296K, reserved 1056768K
  class space    used 564K, capacity 616K, committed 640K, reserved 1048576K
}

