# JRE version: OpenJDK Runtime Environment (8.0_76-b03) (build 1.8.0_76-release-b03)
# Java VM: OpenJDK 64-Bit Server VM (25.76-b03 mixed mode windows-amd64 compressed oops)
Heap:
 PSYoungGen      total 111616K, used 24460K [0x00000000eab00000, 0x00000000f2f00000, 0x0000000100000000)
  eden space 94208K, 9% used [0x00000000eab00000,0x00000000eb39cd68,0x00000000f0700000)
  from space 17408K, 89% used [0x00000000f1a00000,0x00000000f2946550,0x00000000f2b00000)
  to   space 19456K, 0% used [0x00000000f0700000,0x00000000f0700000,0x00000000f1a00000)
 ParOldGen       total 42496K, used 27156K [0x00000000c0000000, 0x00000000c2980000, 0x00000000eab00000)
  object space 42496K, 63% used [0x00000000c0000000,0x00000000c1a852b0,0x00000000c2980000)
 Metaspace       used 6511K, capacity 7472K, committed 7552K, reserved 1056768K
  class space    used 582K, capacity 616K, committed 640K, reserved 1048576K
GC Heap History (10 events):
Event: 11.103 GC heap before
{Heap before GC invocations=6 (full 0):
 PSYoungGen      total 18432K, used 18432K [0x00000000eab00000, 0x00000000ed800000, 0x0000000100000000)
  eden space 15872K, 100% used [0x00000000eab00000,0x00000000eba80000,0x00000000eba80000)
  from space 2560K, 100% used [0x00000000eba80000,0x00000000ebd00000,0x00000000ebd00000)
  to   space 7168K, 0% used [0x00000000ed100000,0x00000000ed100000,0x00000000ed800000)
 ParOldGen       total 42496K, used 9130K [0x00000000c0000000, 0x00000000c2980000, 0x00000000eab00000)
  object space 42496K, 21% used [0x00000000c0000000,0x00000000c08ea9f0,0x00000000c2980000)
 Metaspace       used 6099K, capacity 7152K, committed 7296K, reserved 1056768K
  class space    used 565K, capacity 616K, committed 640K, reserved 1048576K
Event: 11.139 GC heap after
Heap after GC invocations=6 (full 0):
 PSYoungGen      total 38400K, used 5360K [0x00000000eab00000, 0x00000000ed900000, 0x0000000100000000)
  eden space 31232K, 0% used [0x00000000eab00000,0x00000000eab00000,0x00000000ec980000)
  from space 7168K, 74% used [0x00000000ed100000,0x00000000ed63c010,0x00000000ed800000)
  to   space 7680K, 0% used [0x00000000ec980000,0x00000000ec980000,0x00000000ed100000)
 ParOldGen       total 42496K, used 9130K [0x00000000c0000000, 0x00000000c2980000, 0x00000000eab00000)
  object space 42496K, 21% used [0x00000000c0000000,0x00000000c08ea9f0,0x00000000c2980000)
 Metaspace       used 6099K, capacity 7152K, committed 7296K, reserved 1056768K
  class space    used 565K, capacity 616K, committed 640K, reserved 1048576K
}
Event: 12.458 GC heap before
{Heap before GC invocations=7 (full 0):
 PSYoungGen      total 38400K, used 36592K [0x00000000eab00000, 0x00000000ed900000, 0x0000000100000000)
  eden space 31232K, 100% used [0x00000000eab00000,0x00000000ec980000,0x00000000ec980000)
  from space 7168K, 74% used [0x00000000ed100000,0x00000000ed63c010,0x00000000ed800000)
  to   space 7680K, 0% used [0x00000000ec980000,0x00000000ec980000,0x00000000ed100000)
 ParOldGen       total 42496K, used 9130K [0x00000000c0000000, 0x00000000c2980000, 0x00000000eab00000)
  object space 42496K, 21% used [0x00000000c0000000,0x00000000c08ea9f0,0x00000000c2980000)
 Metaspace       used 6165K, capacity 7152K, committed 7296K, reserved 1056768K
  class space    used 565K, capacity 616K, committed 640K, reserved 1048576K
Event: 12.511 GC heap after
Heap after GC invocations=7 (full 0):
 PSYoungGen      total 38912K, used 7648K [0x00000000eab00000, 0x00000000efc00000, 0x0000000100000000)
  eden space 31232K, 0% used [0x00000000eab00000,0x00000000eab00000,0x00000000ec980000)
  from space 7680K, 99% used [0x00000000ec980000,0x00000000ed0f8010,0x00000000ed100000)
  to   space 10240K, 0% used [0x00000000ef200000,0x00000000ef200000,0x00000000efc00000)
 ParOldGen       total 42496K, used 11792K [0x00000000c0000000, 0x00000000c2980000, 0x00000000eab00000)
  object space 42496K, 27% used [0x00000000c0000000,0x00000000c0b84290,0x00000000c2980000)
 Metaspace       used 6165K, capacity 7152K, committed 7296K, reserved 1056768K
  class space    used 565K, capacity 616K, committed 640K, reserved 1048576K
}
Event: 13.198 GC heap before
{Heap before GC invocations=8 (full 0):
 PSYoungGen      total 38912K, used 38880K [0x00000000eab00000, 0x00000000efc00000, 0x0000000100000000)
  eden space 31232K, 100% used [0x00000000eab00000,0x00000000ec980000,0x00000000ec980000)
  from space 7680K, 99% used [0x00000000ec980000,0x00000000ed0f8010,0x00000000ed100000)
  to   space 10240K, 0% used [0x00000000ef200000,0x00000000ef200000,0x00000000efc00000)
 ParOldGen       total 42496K, used 11792K [0x00000000c0000000, 0x00000000c2980000, 0x00000000eab00000)
  object space 42496K, 27% used [0x00000000c0000000,0x00000000c0b84290,0x00000000c2980000)
 Metaspace       used 6178K, capacity 7216K, committed 7296K, reserved 1056768K
  class space    used 565K, capacity 616K, committed 640K, reserved 1048576K
Event: 13.317 GC heap after
Heap after GC invocations=8 (full 0):
 PSYoungGen      total 70144K, used 10234K [0x00000000eab00000, 0x00000000f0100000, 0x0000000100000000)
  eden space 59904K, 0% used [0x00000000eab00000,0x00000000eab00000,0x00000000ee580000)
  from space 10240K, 99% used [0x00000000ef200000,0x00000000efbfea60,0x00000000efc00000)
  to   space 12800K, 0% used [0x00000000ee580000,0x00000000ee580000,0x00000000ef200000)
 ParOldGen       total 42496K, used 14520K [0x00000000c0000000, 0x00000000c2980000, 0x00000000eab00000)
  object space 42496K, 34% used [0x00000000c0000000,0x00000000c0e2e108,0x00000000c2980000)
 Metaspace       used 6178K, capacity 7216K, committed 7296K, reserved 1056768K
  class space    used 565K, capacity 616K, committed 640K, reserved 1048576K
}
Event: 16.052 GC heap before
{Heap before GC invocations=9 (full 0):
 PSYoungGen      total 70144K, used 70138K [0x00000000eab00000, 0x00000000f0100000, 0x0000000100000000)
  eden space 59904K, 100% used [0x00000000eab00000,0x00000000ee580000,0x00000000ee580000)
  from space 10240K, 99% used [0x00000000ef200000,0x00000000efbfea60,0x00000000efc00000)
  to   space 12800K, 0% used [0x00000000ee580000,0x00000000ee580000,0x00000000ef200000)
 ParOldGen       total 42496K, used 14520K [0x00000000c0000000, 0x00000000c2980000, 0x00000000eab00000)
  object space 42496K, 34% used [0x00000000c0000000,0x00000000c0e2e108,0x00000000c2980000)
 Metaspace       used 6212K, capacity 7216K, committed 7296K, reserved 1056768K
  class space    used 565K, capacity 616K, committed 640K, reserved 1048576K
Event: 16.292 GC heap after
Heap after GC invocations=9 (full 0):
 PSYoungGen      total 72704K, used 12781K [0x00000000eab00000, 0x00000000f2b00000, 0x0000000100000000)
  eden space 59904K, 0% used [0x00000000eab00000,0x00000000eab00000,0x00000000ee580000)
  from space 12800K, 99% used [0x00000000ee580000,0x00000000ef1fb648,0x00000000ef200000)
  to   space 17408K, 0% used [0x00000000f1a00000,0x00000000f1a00000,0x00000000f2b00000)
 ParOldGen       total 42496K, used 20689K [0x00000000c0000000, 0x00000000c2980000, 0x00000000eab00000)
  object space 42496K, 48% used [0x00000000c0000000,0x00000000c1434760,0x00000000c2980000)
 Metaspace       used 6212K, capacity 7216K, committed 7296K, reserved 1056768K
  class space    used 565K, capacity 616K, committed 640K, reserved 1048576K
}
Event: 17.132 GC heap before
{Heap before GC invocations=10 (full 0):
 PSYoungGen      total 72704K, used 72685K [0x00000000eab00000, 0x00000000f2b00000, 0x0000000100000000)
  eden space 59904K, 100% used [0x00000000eab00000,0x00000000ee580000,0x00000000ee580000)
  from space 12800K, 99% used [0x00000000ee580000,0x00000000ef1fb648,0x00000000ef200000)
  to   space 17408K, 0% used [0x00000000f1a00000,0x00000000f1a00000,0x00000000f2b00000)
 ParOldGen       total 42496K, used 20689K [0x00000000c0000000, 0x00000000c2980000, 0x00000000eab00000)
  object space 42496K, 48% used [0x00000000c0000000,0x00000000c1434760,0x00000000c2980000)
 Metaspace       used 6223K, capacity 7216K, committed 7296K, reserved 1056768K
  class space    used 565K, capacity 616K, committed 640K, reserved 1048576K
Event: 17.289 GC heap after
Heap after GC invocations=10 (full 0):
 PSYoungGen      total 111616K, used 15641K [0x00000000eab00000, 0x00000000f2f00000, 0x0000000100000000)
  eden space 94208K, 0% used [0x00000000eab00000,0x00000000eab00000,0x00000000f0700000)
  from space 17408K, 89% used [0x00000000f1a00000,0x00000000f2946550,0x00000000f2b00000)
  to   space 19456K, 0% used [0x00000000f0700000,0x00000000f0700000,0x00000000f1a00000)
 ParOldGen       total 42496K, used 27156K [0x00000000c0000000, 0x00000000c2980000, 0x00000000eab00000)
  object space 42496K, 63% used [0x00000000c0000000,0x00000000c1a852b0,0x00000000c2980000)
 Metaspace       used 6223K, capacity 7216K, committed 7296K, reserved 1056768K
  class space    used 565K, capacity 616K, committed 640K, reserved 1048576K
}

